

Microchip MPLAB XC8 Assembler V2.36 build 20220127204148 
                                                                                               Tue May 24 14:28:11 2022

Microchip MPLAB XC8 C Compiler v2.36 (Free license) build 20220127204148 Og1 
     1                           	processor	16F84A
     2                           	pagewidth 120
     3                           	opt	flic
     4                           	psect	cinit,global,class=CODE,merge=1,delta=2
     5                           	psect	bssBANK0,global,class=BANK0,space=1,delta=1,noexec
     6                           	psect	cstackBANK0,global,class=BANK0,space=1,delta=1,noexec
     7                           	psect	maintext,global,class=CODE,split=1,delta=2
     8                           	psect	text1,local,class=CODE,merge=1,delta=2
     9                           	psect	intentry,global,class=CODE,delta=2
    10                           	psect	idloc,global,abs,ovrld,class=IDLOC,space=5,delta=2,noexec
    11                           	psect	config,global,abs,ovrld,class=CONFIG,space=4,delta=2,noexec
    12                           	dabs	1,0x4E,2
    13  0000                     
    14                           ; Version 2.40
    15                           ; Generated 17/11/2021 GMT
    16                           ; 
    17                           ; Copyright © 2021, Microchip Technology Inc. and its subsidiaries ("Microchip")
    18                           ; All rights reserved.
    19                           ; 
    20                           ; This software is developed by Microchip Technology Inc. and its subsidiaries ("Microch
      +                          ip").
    21                           ; 
    22                           ; Redistribution and use in source and binary forms, with or without modification, are
    23                           ; permitted provided that the following conditions are met:
    24                           ; 
    25                           ;     1. Redistributions of source code must retain the above copyright notice, this lis
      +                          t of
    26                           ;        conditions and the following disclaimer.
    27                           ; 
    28                           ;     2. Redistributions in binary form must reproduce the above copyright notice, this 
      +                          list
    29                           ;        of conditions and the following disclaimer in the documentation and/or other
    30                           ;        materials provided with the distribution. Publication is not required when
    31                           ;        this file is used in an embedded application.
    32                           ; 
    33                           ;     3. Microchip's name may not be used to endorse or promote products derived from th
      +                          is
    34                           ;        software without specific prior written permission.
    35                           ; 
    36                           ; THIS SOFTWARE IS PROVIDED BY MICROCHIP "AS IS" AND ANY EXPRESS OR IMPLIED WARRANTIES,
    37                           ; INCLUDING, BUT NOT LIMITED TO, THE IMPLIED WARRANTIES OF MERCHANTABILITY AND FITNESS F
      +                          OR
    38                           ; PURPOSE ARE DISCLAIMED.  IN NO EVENT SHALL MICROCHIP BE LIABLE FOR ANY DIRECT, INDIREC
      +                          T,
    39                           ; INCIDENTAL, SPECIAL, EXEMPLARY, OR CONSEQUENTIAL DAMAGES (INCLUDING BUT NOT LIMITED TO
    40                           ; PROCUREMENT OF SUBSTITUTE GOODS OR SERVICES; LOSS OF USE, DATA OR PROFITS; OR BUSINESS
    41                           ; INTERRUPTION) HOWSOEVER CAUSED AND ON ANY THEORY OF LIABILITY, WHETHER IN CONTRACT, ST
      +                          RICT
    42                           ; LIABILITY, OR TORT (INCLUDING NEGLIGENCE OR OTHERWISE) ARISING IN ANY WAY OUT OF THE U
      +                          SE OF
    43                           ; THIS SOFTWARE, EVEN IF ADVISED OF THE POSSIBILITY OF SUCH DAMAGE.
    44                           ; 
    45                           ; 
    46                           ; Code-generator required, PIC16F84A Definitions
    47                           ; 
    48                           ; SFR Addresses
    49  0000                     	;# 
    50  0001                     	;# 
    51  0002                     	;# 
    52  0003                     	;# 
    53  0004                     	;# 
    54  0005                     	;# 
    55  0006                     	;# 
    56  0008                     	;# 
    57  0009                     	;# 
    58  000A                     	;# 
    59  000B                     	;# 
    60  0081                     	;# 
    61  0085                     	;# 
    62  0086                     	;# 
    63  0088                     	;# 
    64  0089                     	;# 
    65  0000                     	;# 
    66  0001                     	;# 
    67  0002                     	;# 
    68  0003                     	;# 
    69  0004                     	;# 
    70  0005                     	;# 
    71  0006                     	;# 
    72  0008                     	;# 
    73  0009                     	;# 
    74  000A                     	;# 
    75  000B                     	;# 
    76  0081                     	;# 
    77  0085                     	;# 
    78  0086                     	;# 
    79  0088                     	;# 
    80  0089                     	;# 
    81  0006                     _PORTB	set	6
    82  0001                     _TMR0	set	1
    83  000B                     _INTCON	set	11
    84  0030                     _RB0	set	48
    85  005A                     _T0IF	set	90
    86  0081                     _OPTION_REG	set	129
    87  0086                     _TRISB	set	134
    88                           
    89                           	psect	cinit
    90  000C                     start_initialization:	
    91                           ; #config settings
    92                           
    93  000C                     __initialization:
    94                           
    95                           ; Clear objects allocated to BANK0
    96  000C  1283               	bcf	3,5	;RP0=0, select bank0
    97  000D  018F               	clrf	__pbssBANK0& (0+127)
    98  000E  0190               	clrf	(__pbssBANK0+1)& (0+127)
    99  000F                     end_of_initialization:	
   100                           ;End of C runtime variable initialization code
   101                           
   102  000F                     __end_of__initialization:
   103  000F  0183               	clrf	3
   104  0010  2830               	ljmp	_main	;jump to C main() function
   105                           
   106                           	psect	bssBANK0
   107  000F                     __pbssBANK0:
   108  000F                     _sayac:
   109  000F                     	ds	2
   110                           
   111                           	psect	cstackBANK0
   112  000C                     __pcstackBANK0:
   113  000C                     ?_main:
   114  000C                     ?_TMR0_KESME:	
   115                           ; 1 bytes @ 0x0
   116                           
   117  000C                     ??_TMR0_KESME:	
   118                           ; 1 bytes @ 0x0
   119                           
   120                           
   121                           ; 1 bytes @ 0x0
   122  000C                     	ds	2
   123  000E                     ??_main:
   124                           
   125                           ; 1 bytes @ 0x2
   126  000E                     	ds	1
   127                           
   128                           	psect	maintext
   129  0030                     __pmaintext:	
   130 ;;
   131 ;;Main: autosize = 0, tempsize = 1, incstack = 0, save=0
   132 ;;
   133 ;; *************** function _main *****************
   134 ;; Defined at:
   135 ;;		line 14 in file "main.c"
   136 ;; Parameters:    Size  Location     Type
   137 ;;		None
   138 ;; Auto vars:     Size  Location     Type
   139 ;;		None
   140 ;; Return value:  Size  Location     Type
   141 ;;                  1    wreg      void 
   142 ;; Registers used:
   143 ;;		wreg, status,2, status,0
   144 ;; Tracked objects:
   145 ;;		On entry : B00/0
   146 ;;		On exit  : 0/0
   147 ;;		Unchanged: 0/0
   148 ;; Data sizes:     COMMON   BANK0
   149 ;;      Params:         0       0
   150 ;;      Locals:         0       0
   151 ;;      Temps:          0       1
   152 ;;      Totals:         0       1
   153 ;;Total ram usage:        1 bytes
   154 ;; Hardware stack levels required when called: 1
   155 ;; This function calls:
   156 ;;		Nothing
   157 ;; This function is called by:
   158 ;;		Startup code after reset
   159 ;; This function uses a non-reentrant model
   160 ;;
   161                           
   162  0030                     _main:	
   163                           ;psect for function _main
   164                           
   165  0030                     l647:	
   166                           ;incstack = 0
   167                           ; Regs used in _main: [wreg+status,2+status,0]
   168                           
   169                           
   170                           ;main.c: 16: }
   171  0030  30A0               	movlw	160
   172  0031  1283               	bcf	3,5	;RP0=0, select bank0
   173  0032  008E               	movwf	??_main
   174  0033  080E               	movf	??_main,w
   175  0034  048B               	iorwf	11,f	;volatile
   176  0035                     l649:
   177                           
   178                           ;main.c: 17: void __attribute__((picinterrupt(("")))) TMR0_KESME(void)
   179  0035  1683               	bsf	3,5	;RP0=1, select bank1
   180  0036  0186               	clrf	6	;volatile
   181  0037                     l651:
   182                           
   183                           ;main.c: 18: {
   184  0037  3007               	movlw	7
   185  0038  0081               	movwf	1	;volatile
   186  0039                     l653:
   187                           
   188                           ;main.c: 20:     {
   189  0039  30D9               	movlw	217
   190  003A  1283               	bcf	3,5	;RP0=0, select bank0
   191  003B  0081               	movwf	1	;volatile
   192  003C                     l655:
   193                           
   194                           ;main.c: 21:         sayac += 1;
   195  003C  30FE               	movlw	254
   196  003D  008E               	movwf	??_main
   197  003E  080E               	movf	??_main,w
   198  003F  0586               	andwf	6,f	;volatile
   199  0040                     l21:	
   200                           ;main.c: 22: 
   201                           
   202  0040                     l22:	
   203                           ;main.c: 23:         if(sayac == 50);main.c: 25:             sayac = 0;
   204                           
   205  0040  2840               	goto	l21
   206  0041  280B               	ljmp	start
   207  0042                     __end_of_main:
   208                           
   209                           	psect	text1
   210  0011                     __ptext1:	
   211 ;; *************** function _TMR0_KESME *****************
   212 ;; Defined at:
   213 ;;		line 27 in file "main.c"
   214 ;; Parameters:    Size  Location     Type
   215 ;;		None
   216 ;; Auto vars:     Size  Location     Type
   217 ;;		None
   218 ;; Return value:  Size  Location     Type
   219 ;;                  1    wreg      void 
   220 ;; Registers used:
   221 ;;		wreg, status,2, status,0
   222 ;; Tracked objects:
   223 ;;		On entry : 0/0
   224 ;;		On exit  : 0/0
   225 ;;		Unchanged: 0/0
   226 ;; Data sizes:     COMMON   BANK0
   227 ;;      Params:         0       0
   228 ;;      Locals:         0       0
   229 ;;      Temps:          0       2
   230 ;;      Totals:         0       2
   231 ;;Total ram usage:        2 bytes
   232 ;; Hardware stack levels used: 1
   233 ;; This function calls:
   234 ;;		Nothing
   235 ;; This function is called by:
   236 ;;		Interrupt level 1
   237 ;; This function uses a non-reentrant model
   238 ;;
   239                           
   240  0011                     _TMR0_KESME:	
   241                           ;psect for function _TMR0_KESME
   242                           
   243  0011                     i1l657:
   244                           
   245                           ;main.c: 29:         T0IF = 0;
   246  0011  1D0B               	btfss	11,2	;volatile
   247  0012  2814               	goto	u3_21
   248  0013  2815               	goto	u3_20
   249  0014                     u3_21:
   250  0014  2829               	goto	i1l31
   251  0015                     u3_20:
   252  0015                     i1l659:
   253                           
   254                           ;main.c: 30:     };main.c: 31: 
   255  0015  3001               	movlw	1
   256  0016  078F               	addwf	_sayac,f
   257  0017  1803               	skipnc
   258  0018  0A90               	incf	_sayac+1,f
   259  0019  3000               	movlw	0
   260  001A  0790               	addwf	_sayac+1,f
   261  001B                     i1l661:
   262  001B  3032               	movlw	50
   263  001C  060F               	xorwf	_sayac,w
   264  001D  0410               	iorwf	_sayac+1,w
   265  001E  1D03               	btfss	3,2
   266  001F  2821               	goto	u4_21
   267  0020  2822               	goto	u4_20
   268  0021                     u4_21:
   269  0021  2826               	goto	i1l667
   270  0022                     u4_20:
   271  0022                     i1l663:
   272  0022  018F               	clrf	_sayac
   273  0023  0190               	clrf	_sayac+1
   274  0024                     i1l665:
   275  0024  3001               	movlw	1
   276  0025  0686               	xorwf	6,f
   277  0026                     i1l667:
   278  0026  30D9               	movlw	217
   279  0027  0081               	movwf	1	;volatile
   280  0028                     i1l669:
   281  0028  110B               	bcf	11,2	;volatile
   282  0029                     i1l31:
   283  0029  080D               	movf	??_TMR0_KESME+1,w
   284  002A  008A               	movwf	10
   285  002B  0E0C               	swapf	??_TMR0_KESME,w
   286  002C  0083               	movwf	3
   287  002D  0ECE               	swapf	btemp,f
   288  002E  0E4E               	swapf	btemp,w
   289  002F  0009               	retfie
   290  0030                     __end_of_TMR0_KESME:
   291  004E                     btemp	set	78	;btemp
   292  004E                     wtemp0	set	78
   293                           
   294                           	psect	intentry
   295  0004                     __pintentry:	
   296                           ;incstack = 0
   297                           ; Regs used in _TMR0_KESME: [wreg+status,2+status,0]
   298                           
   299  0004                     interrupt_function:
   300  004E                     saved_w	set	btemp
   301  0004  00CE               	movwf	btemp
   302  0005  0E03               	swapf	3,w
   303  0006  1283               	bcf	3,5	;RP0=0, select bank0
   304  0007  008C               	movwf	??_TMR0_KESME
   305  0008  080A               	movf	10,w
   306  0009  008D               	movwf	??_TMR0_KESME+1
   307  000A  2811               	ljmp	_TMR0_KESME
   308                           
   309                           	psect	idloc
   310                           
   311                           ;Config register IDLOC0 @ 0x2000
   312                           ;	unspecified, using default values
   313  2000                     	org	8192
   314  2000  3FFF               	dw	16383
   315                           
   316                           ;Config register IDLOC1 @ 0x2001
   317                           ;	unspecified, using default values
   318  2001                     	org	8193
   319  2001  3FFF               	dw	16383
   320                           
   321                           ;Config register IDLOC2 @ 0x2002
   322                           ;	unspecified, using default values
   323  2002                     	org	8194
   324  2002  3FFF               	dw	16383
   325                           
   326                           ;Config register IDLOC3 @ 0x2003
   327                           ;	unspecified, using default values
   328  2003                     	org	8195
   329  2003  3FFF               	dw	16383
   330                           
   331                           	psect	config
   332                           
   333                           ;Config register CONFIG @ 0x2007
   334                           ;	Oscillator Selection bits
   335                           ;	FOSC = XT, XT oscillator
   336                           ;	Watchdog Timer
   337                           ;	WDTE = OFF, WDT disabled
   338                           ;	Power-up Timer Enable bit
   339                           ;	PWRTE = OFF, Power-up Timer is disabled
   340                           ;	Code Protection bit
   341                           ;	CP = OFF, Code protection disabled
   342  2007                     	org	8199
   343  2007  3FF9               	dw	16377

Data Sizes:
    Strings     0
    Constant    0
    Data        0
    BSS         2
    Persistent  0
    Stack       0

Auto Spaces:
    Space          Size  Autos    Used
    COMMON            0      0       0
    BANK0            66      3       5

Pointer List with Targets:

    None.

Critical Paths under _main in COMMON

    None.

Critical Paths under _TMR0_KESME in COMMON

    None.

Critical Paths under _main in BANK0

    None.

Critical Paths under _TMR0_KESME in BANK0

    None.

Call Graph Tables:

 ---------------------------------------------------------------------------------
 (Depth) Function   	        Calls       Base Space   Used Autos Params    Refs
 ---------------------------------------------------------------------------------
 (0) _main                                                 1     1      0       0
                                              2 BANK0      1     1      0
 ---------------------------------------------------------------------------------
 Estimated maximum stack depth 0
 ---------------------------------------------------------------------------------
 (Depth) Function   	        Calls       Base Space   Used Autos Params    Refs
 ---------------------------------------------------------------------------------
 (1) _TMR0_KESME                                           2     2      0       0
                                              0 BANK0      2     2      0
 ---------------------------------------------------------------------------------
 Estimated maximum stack depth 1
 ---------------------------------------------------------------------------------

 Call Graph Graphs:

 _main (ROOT)

 _TMR0_KESME (ROOT)

 Address spaces:
Name               Size   Autos  Total    Cost      Usage
BITCOMMON            0      0       0       0        0.0%
EEDATA              40      0       0       0        0.0%
NULL                 0      0       0       0        0.0%
CODE                 0      0       0       0        0.0%
BITSFR0              0      0       0       1        0.0%
SFR0                 0      0       0       1        0.0%
COMMON               0      0       0       1        0.0%
BITSFR1              0      0       0       2        0.0%
SFR1                 0      0       0       2        0.0%
STACK                0      0       0       2        0.0%
BANK0               42      3       5       3        7.6%
ABS                  0      0       5       4        0.0%
BITBANK0            42      0       0       5        0.0%
DATA                 0      0       5       6        0.0%


Microchip Technology PIC Macro Assembler V2.36 build 20220127204148 
Symbol Table                                                                                   Tue May 24 14:28:11 2022

                     l21 0040                       l22 0040                      l651 0037  
                    l653 0039                      l655 003C                      l647 0030  
                    l649 0035                      _RB0 0030                     _T0IF 005A  
                   i1l31 0029                     _TMR0 0001                     u3_20 0015  
                   u3_21 0014                     u4_20 0022                     u4_21 0021  
                   _main 0030                     btemp 004E                     start 000B  
                  ?_main 000C                    i1l661 001B                    i1l663 0022  
                  i1l665 0024                    i1l657 0011                    i1l667 0026  
                  i1l659 0015                    i1l669 0028              ?_TMR0_KESME 000C  
                  _PORTB 0006                    _TRISB 0086                    _sayac 000F  
                  pclath 000A                    status 0003                    wtemp0 004E  
        __initialization 000C             __end_of_main 0042                   ??_main 000E  
                 _INTCON 000B                   saved_w 004E  __end_of__initialization 000F  
             __pbssBANK0 000F               __pmaintext 0030               __pintentry 0004  
           ??_TMR0_KESME 000C       __end_of_TMR0_KESME 0030                  __ptext1 0011  
   end_of_initialization 000F      start_initialization 000C                ___latbits 0000  
          __pcstackBANK0 000C        interrupt_function 0004                 intlevel1 0000  
             _OPTION_REG 0081               _TMR0_KESME 0011  
